#
# There is insufficient memory for the Java Runtime Environment to continue.
# Native memory allocation (mmap) failed to map 136314880 bytes for committing reserved memory.
# Possible reasons:
#   The system is out of physical RAM or swap space
#   In 32 bit mode, the process size limit was hit
# Possible solutions:
#   Reduce memory load on the system
#   Increase physical memory or swap space
#   Check if swap backing store is full
#   Use 64 bit Java on a 64 bit OS
#   Decrease Java heap size (-Xmx/-Xms)
#   Decrease number of Java threads
#   Decrease Java thread stack sizes (-Xss)
#   Set larger code cache with -XX:ReservedCodeCacheSize=
# This output file may be truncated or incomplete.
#
#  Out of Memory Error (os_linux.cpp:2627), pid=13067, tid=0x00007f4c943f3700
#
# JRE version: Java(TM) SE Runtime Environment (8.0_101-b13) (build 1.8.0_101-b13)
# Java VM: Java HotSpot(TM) 64-Bit Server VM (25.101-b13 mixed mode linux-amd64 compressed oops)
# Failed to write core dump. Core dumps have been disabled. To enable core dumping, try "ulimit -c unlimited" before starting Java again
#

---------------  T H R E A D  ---------------

Current thread (0x00007f4ca4078000):  VMThread [stack: 0x00007f4c942f3000,0x00007f4c943f4000] [id=13077]

Stack: [0x00007f4c942f3000,0x00007f4c943f4000],  sp=0x00007f4c943f1fa0,  free space=1019k
Native frames: (J=compiled Java code, j=interpreted, Vv=VM code, C=native code)
V  [libjvm.so+0xac3f0a]  VMError::report_and_die()+0x2ba
V  [libjvm.so+0x4fbf9b]  report_vm_out_of_memory(char const*, int, unsigned long, VMErrorType, char const*)+0x8b
V  [libjvm.so+0x9222d3]  os::Linux::commit_memory_impl(char*, unsigned long, bool)+0x103
V  [libjvm.so+0x922829]  os::pd_commit_memory(char*, unsigned long, unsigned long, bool)+0x29
V  [libjvm.so+0x91cb2a]  os::commit_memory(char*, unsigned long, unsigned long, bool)+0x2a
V  [libjvm.so+0x991053]  PSVirtualSpace::expand_by(unsigned long)+0x53
V  [libjvm.so+0x992458]  PSYoungGen::resize_generation(unsigned long, unsigned long)+0xf8
V  [libjvm.so+0x9915b2]  PSYoungGen::resize(unsigned long, unsigned long)+0x22
V  [libjvm.so+0x98e88b]  PSScavenge::invoke_no_policy()+0xf3b
V  [libjvm.so+0x98f011]  PSScavenge::invoke()+0x41
V  [libjvm.so+0x945fc0]  ParallelScavengeHeap::failed_mem_allocate(unsigned long)+0x70
V  [libjvm.so+0xac5927]  VM_ParallelGCFailedAllocation::doit()+0x97
V  [libjvm.so+0xacd405]  VM_Operation::evaluate()+0x55
V  [libjvm.so+0xacb7da]  VMThread::evaluate_operation(VM_Operation*)+0xba
V  [libjvm.so+0xacbb5e]  VMThread::loop()+0x1ce
V  [libjvm.so+0xacbfd0]  VMThread::run()+0x70
V  [libjvm.so+0x924698]  java_start(Thread*)+0x108

VM_Operation (0x00007f4caca49dc0): ParallelGCFailedAllocation, mode: safepoint, requested by thread 0x00007f4ca400a000


---------------  P R O C E S S  ---------------

Java Threads: ( => current thread )
  0x00007f4ca40c8000 JavaThread "Service Thread" daemon [_thread_blocked, id=13084, stack(0x00007f4c8dad3000,0x00007f4c8dbd4000)]
  0x00007f4ca40bd000 JavaThread "C1 CompilerThread2" daemon [_thread_blocked, id=13083, stack(0x00007f4c8dbd4000,0x00007f4c8dcd5000)]
  0x00007f4ca40bb000 JavaThread "C2 CompilerThread1" daemon [_thread_blocked, id=13082, stack(0x00007f4c8dcd5000,0x00007f4c8ddd6000)]
  0x00007f4ca40b8800 JavaThread "C2 CompilerThread0" daemon [_thread_blocked, id=13081, stack(0x00007f4c8ddd6000,0x00007f4c8ded7000)]
  0x00007f4ca40b7000 JavaThread "Signal Dispatcher" daemon [_thread_blocked, id=13080, stack(0x00007f4c8ded7000,0x00007f4c8dfd8000)]
  0x00007f4ca4084000 JavaThread "Finalizer" daemon [_thread_blocked, id=13079, stack(0x00007f4c940f1000,0x00007f4c941f2000)]
  0x00007f4ca407f800 JavaThread "Reference Handler" daemon [_thread_blocked, id=13078, stack(0x00007f4c941f2000,0x00007f4c942f3000)]
  0x00007f4ca400a000 JavaThread "main" [_thread_blocked, id=13072, stack(0x00007f4cac94b000,0x00007f4caca4c000)]

Other Threads:
=>0x00007f4ca4078000 VMThread [stack: 0x00007f4c942f3000,0x00007f4c943f4000] [id=13077]
  0x00007f4ca40cb000 WatcherThread [stack: 0x00007f4c8d9d2000,0x00007f4c8dad3000] [id=13085]

VM state:at safepoint (normal execution)

VM Mutex/Monitor currently owned by a thread:  ([mutex/lock_event])
[0x00007f4ca4006420] Threads_lock - owner thread: 0x00007f4ca4078000
[0x00007f4ca4006920] Heap_lock - owner thread: 0x00007f4ca400a000

Heap:
 PSYoungGen      total 134144K, used 13796K [0x00000000ec780000, 0x00000000f5a80000, 0x0000000100000000)
  eden space 120320K, 0% used [0x00000000ec780000,0x00000000ec780000,0x00000000f3d00000)
  from space 13824K, 99% used [0x00000000f3d00000,0x00000000f4a79358,0x00000000f4a80000)
  to   space 11264K, 0% used [0x00000000f4a80000,0x00000000f4a80000,0x00000000f5580000)
 ParOldGen       total 40960K, used 25747K [0x00000000c5600000, 0x00000000c7e00000, 0x00000000ec780000)
  object space 40960K, 62% used [0x00000000c5600000,0x00000000c6f24d20,0x00000000c7e00000)
 Metaspace       used 3729K, capacity 5176K, committed 5376K, reserved 1056768K
  class space    used 394K, capacity 488K, committed 512K, reserved 1048576K

Card table byte_map: [0x00007f4ca951b000,0x00007f4ca96f1000] byte_map_base: 0x00007f4ca8ef0000

Marking Bits: (ParMarkBitMap*) 0x00007f4cabe19120
 Begin Bits: [0x00007f4c8e2b0000, 0x00007f4c8f158000)
 End Bits:   [0x00007f4c8f158000, 0x00007f4c90000000)

Polling page: 0x00007f4caca6b000

CodeCache: size=245760Kb used=3711Kb max_used=3732Kb free=242048Kb
 bounds [0x00007f4c95000000, 0x00007f4c953b0000, 0x00007f4ca4000000]
 total_blobs=856 nmethods=609 adapters=162
 compilation: enabled

Compilation events (10 events):
Event: 196.624 Thread 0x00007f4ca40b8800 nmethod 623 0x00007f4c95392450 code [0x00007f4c953925c0, 0x00007f4c95392958]
Event: 196.624 Thread 0x00007f4ca40b8800  620       4       java.util.ArrayList$Itr::next (66 bytes)
Event: 196.625 Thread 0x00007f4ca40bd000 nmethod 625% 0x00007f4c953992d0 code [0x00007f4c95399680, 0x00007f4c9539b658]
Event: 196.630 Thread 0x00007f4ca40b8800 nmethod 620 0x00007f4c95392050 code [0x00007f4c953921a0, 0x00007f4c953922d8]
Event: 196.630 Thread 0x00007f4ca40b8800  618       4       com.android.multidex.ArchivePathElement::open (69 bytes)
Event: 196.649 Thread 0x00007f4ca40bd000  626       3       com.android.multidex.MainDexListBuilder::keepAnnotated (231 bytes)
Event: 196.653 Thread 0x00007f4ca40bd000 nmethod 626 0x00007f4c9539c810 code [0x00007f4c9539cbc0, 0x00007f4c9539e8b8]
Event: 197.113 Thread 0x00007f4ca40b8800 nmethod 618 0x00007f4c953a3890 code [0x00007f4c953a3be0, 0x00007f4c953a6370]
Event: 197.180 Thread 0x00007f4ca40b8800  627   !   4       java.util.zip.InflaterInputStream::read (138 bytes)
Event: 204.158 Thread 0x00007f4ca40bd000  632       3       com.android.dx.rop.cst.CstDouble::make (9 bytes)

GC Heap History (10 events):
Event: 0.736 GC heap after
Heap after GC invocations=2 (full 0):
 PSYoungGen      total 33280K, used 2538K [0x00000000ec780000, 0x00000000eea80000, 0x0000000100000000)
  eden space 30720K, 0% used [0x00000000ec780000,0x00000000ec780000,0x00000000ee580000)
  from space 2560K, 99% used [0x00000000ee800000,0x00000000eea7ab68,0x00000000eea80000)
  to   space 2560K, 0% used [0x00000000ee580000,0x00000000ee580000,0x00000000ee800000)
 ParOldGen       total 40960K, used 277K [0x00000000c5600000, 0x00000000c7e00000, 0x00000000ec780000)
  object space 40960K, 0% used [0x00000000c5600000,0x00000000c56456d0,0x00000000c7e00000)
 Metaspace       used 3669K, capacity 5176K, committed 5376K, reserved 1056768K
  class space    used 389K, capacity 488K, committed 512K, reserved 1048576K
}
Event: 1.115 GC heap before
{Heap before GC invocations=3 (full 0):
 PSYoungGen      total 33280K, used 33258K [0x00000000ec780000, 0x00000000eea80000, 0x0000000100000000)
  eden space 30720K, 100% used [0x00000000ec780000,0x00000000ee580000,0x00000000ee580000)
  from space 2560K, 99% used [0x00000000ee800000,0x00000000eea7ab68,0x00000000eea80000)
  to   space 2560K, 0% used [0x00000000ee580000,0x00000000ee580000,0x00000000ee800000)
 ParOldGen       total 40960K, used 277K [0x00000000c5600000, 0x00000000c7e00000, 0x00000000ec780000)
  object space 40960K, 0% used [0x00000000c5600000,0x00000000c56456d0,0x00000000c7e00000)
 Metaspace       used 3719K, capacity 5176K, committed 5376K, reserved 1056768K
  class space    used 393K, capacity 488K, committed 512K, reserved 1048576K
Event: 1.149 GC heap after
Heap after GC invocations=3 (full 0):
 PSYoungGen      total 33280K, used 2538K [0x00000000ec780000, 0x00000000f0880000, 0x0000000100000000)
  eden space 30720K, 0% used [0x00000000ec780000,0x00000000ec780000,0x00000000ee580000)
  from space 2560K, 99% used [0x00000000ee580000,0x00000000ee7fa808,0x00000000ee800000)
  to   space 2560K, 0% used [0x00000000f0600000,0x00000000f0600000,0x00000000f0880000)
 ParOldGen       total 40960K, used 3150K [0x00000000c5600000, 0x00000000c7e00000, 0x00000000ec780000)
  object space 40960K, 7% used [0x00000000c5600000,0x00000000c5913830,0x00000000c7e00000)
 Metaspace       used 3719K, capacity 5176K, committed 5376K, reserved 1056768K
  class space    used 393K, capacity 488K, committed 512K, reserved 1048576K
}
Event: 7.440 GC heap before
{Heap before GC invocations=4 (full 0):
 PSYoungGen      total 33280K, used 33258K [0x00000000ec780000, 0x00000000f0880000, 0x0000000100000000)
  eden space 30720K, 100% used [0x00000000ec780000,0x00000000ee580000,0x00000000ee580000)
  from space 2560K, 99% used [0x00000000ee580000,0x00000000ee7fa808,0x00000000ee800000)
  to   space 2560K, 0% used [0x00000000f0600000,0x00000000f0600000,0x00000000f0880000)
 ParOldGen       total 40960K, used 3150K [0x00000000c5600000, 0x00000000c7e00000, 0x00000000ec780000)
  object space 40960K, 7% used [0x00000000c5600000,0x00000000c5913830,0x00000000c7e00000)
 Metaspace       used 3722K, capacity 5176K, committed 5376K, reserved 1056768K
  class space    used 393K, capacity 488K, committed 512K, reserved 1048576K
Event: 7.639 GC heap after
Heap after GC invocations=4 (full 0):
 PSYoungGen      total 64000K, used 2528K [0x00000000ec780000, 0x00000000f0880000, 0x0000000100000000)
  eden space 61440K, 0% used [0x00000000ec780000,0x00000000ec780000,0x00000000f0380000)
  from space 2560K, 98% used [0x00000000f0600000,0x00000000f0878040,0x00000000f0880000)
  to   space 2560K, 0% used [0x00000000f0380000,0x00000000f0380000,0x00000000f0600000)
 ParOldGen       total 40960K, used 7012K [0x00000000c5600000, 0x00000000c7e00000, 0x00000000ec780000)
  object space 40960K, 17% used [0x00000000c5600000,0x00000000c5cd9130,0x00000000c7e00000)
 Metaspace       used 3722K, capacity 5176K, committed 5376K, reserved 1056768K
  class space    used 393K, capacity 488K, committed 512K, reserved 1048576K
}
Event: 180.845 GC heap before
{Heap before GC invocations=5 (full 0):
 PSYoungGen      total 64000K, used 63968K [0x00000000ec780000, 0x00000000f0880000, 0x0000000100000000)
  eden space 61440K, 100% used [0x00000000ec780000,0x00000000f0380000,0x00000000f0380000)
  from space 2560K, 98% used [0x00000000f0600000,0x00000000f0878040,0x00000000f0880000)
  to   space 2560K, 0% used [0x00000000f0380000,0x00000000f0380000,0x00000000f0600000)
 ParOldGen       total 40960K, used 7012K [0x00000000c5600000, 0x00000000c7e00000, 0x00000000ec780000)
  object space 40960K, 17% used [0x00000000c5600000,0x00000000c5cd9130,0x00000000c7e00000)
 Metaspace       used 3724K, capacity 5176K, committed 5376K, reserved 1056768K
  class space    used 393K, capacity 488K, committed 512K, reserved 1048576K
Event: 194.649 GC heap after
Heap after GC invocations=5 (full 0):
 PSYoungGen      total 64000K, used 2528K [0x00000000ec780000, 0x00000000f5580000, 0x0000000100000000)
  eden space 61440K, 0% used [0x00000000ec780000,0x00000000ec780000,0x00000000f0380000)
  from space 2560K, 98% used [0x00000000f0380000,0x00000000f05f8030,0x00000000f0600000)
  to   space 11264K, 0% used [0x00000000f4a80000,0x00000000f4a80000,0x00000000f5580000)
 ParOldGen       total 40960K, used 15234K [0x00000000c5600000, 0x00000000c7e00000, 0x00000000ec780000)
  object space 40960K, 37% used [0x00000000c5600000,0x00000000c64e0a68,0x00000000c7e00000)
 Metaspace       used 3724K, capacity 5176K, committed 5376K, reserved 1056768K
  class space    used 393K, capacity 488K, committed 512K, reserved 1048576K
}
Event: 195.703 GC heap before
{Heap before GC invocations=6 (full 0):
 PSYoungGen      total 64000K, used 63968K [0x00000000ec780000, 0x00000000f5580000, 0x0000000100000000)
  eden space 61440K, 100% used [0x00000000ec780000,0x00000000f0380000,0x00000000f0380000)
  from space 2560K, 98% used [0x00000000f0380000,0x00000000f05f8030,0x00000000f0600000)
  to   space 11264K, 0% used [0x00000000f4a80000,0x00000000f4a80000,0x00000000f5580000)
 ParOldGen       total 40960K, used 15234K [0x00000000c5600000, 0x00000000c7e00000, 0x00000000ec780000)
  object space 40960K, 37% used [0x00000000c5600000,0x00000000c64e0a68,0x00000000c7e00000)
 Metaspace       used 3725K, capacity 5176K, committed 5376K, reserved 1056768K
  class space    used 393K, capacity 488K, committed 512K, reserved 1048576K
Event: 195.948 GC heap after
Heap after GC invocations=6 (full 0):
 PSYoungGen      total 131584K, used 11250K [0x00000000ec780000, 0x00000000f5a80000, 0x0000000100000000)
  eden space 120320K, 0% used [0x00000000ec780000,0x00000000ec780000,0x00000000f3d00000)
  from space 11264K, 99% used [0x00000000f4a80000,0x00000000f557cb18,0x00000000f5580000)
  to   space 13824K, 0% used [0x00000000f3d00000,0x00000000f3d00000,0x00000000f4a80000)
 ParOldGen       total 40960K, used 15816K [0x00000000c5600000, 0x00000000c7e00000, 0x00000000ec780000)
  object space 40960K, 38% used [0x00000000c5600000,0x00000000c65720c8,0x00000000c7e00000)
 Metaspace       used 3725K, capacity 5176K, committed 5376K, reserved 1056768K
  class space    used 393K, capacity 488K, committed 512K, reserved 1048576K
}
Event: 205.699 GC heap before
{Heap before GC invocations=7 (full 0):
 PSYoungGen      total 131584K, used 131570K [0x00000000ec780000, 0x00000000f5a80000, 0x0000000100000000)
  eden space 120320K, 100% used [0x00000000ec780000,0x00000000f3d00000,0x00000000f3d00000)
  from space 11264K, 99% used [0x00000000f4a80000,0x00000000f557cb18,0x00000000f5580000)
  to   space 13824K, 0% used [0x00000000f3d00000,0x00000000f3d00000,0x00000000f4a80000)
 ParOldGen       total 40960K, used 15816K [0x00000000c5600000, 0x00000000c7e00000, 0x00000000ec780000)
  object space 40960K, 38% used [0x00000000c5600000,0x00000000c65720c8,0x00000000c7e00000)
 Metaspace       used 3729K, capacity 5176K, committed 5376K, reserved 1056768K
  class space    used 394K, capacity 488K, committed 512K, reserved 1048576K

Deoptimization events (5 events):
Event: 0.714 Thread 0x00007f4ca400a000 Uncommon trap: reason=unloaded action=reinterpret pc=0x00007f4c95235100 method=com.android.dx.cf.cst.ConstantPoolParser.parse0(ILjava/util/BitSet;)Lcom/android/dx/rop/cst/Constant; @ 220
Event: 0.928 Thread 0x00007f4ca400a000 Uncommon trap: reason=class_check action=maybe_recompile pc=0x00007f4c952da948 method=com.android.dx.cf.attrib.AttConstantValue.<init>(Lcom/android/dx/rop/cst/TypedConstant;)V @ 14
Event: 0.928 Thread 0x00007f4ca400a000 Uncommon trap: reason=class_check action=maybe_recompile pc=0x00007f4c952da948 method=com.android.dx.cf.attrib.AttConstantValue.<init>(Lcom/android/dx/rop/cst/TypedConstant;)V @ 14
Event: 0.929 Thread 0x00007f4ca400a000 Uncommon trap: reason=class_check action=maybe_recompile pc=0x00007f4c952da948 method=com.android.dx.cf.attrib.AttConstantValue.<init>(Lcom/android/dx/rop/cst/TypedConstant;)V @ 14
Event: 0.933 Thread 0x00007f4ca400a000 Uncommon trap: reason=class_check action=maybe_recompile pc=0x00007f4c952da948 method=com.android.dx.cf.attrib.AttConstantValue.<init>(Lcom/android/dx/rop/cst/TypedConstant;)V @ 14

Internal exceptions (2 events):
Event: 0.106 Thread 0x00007f4ca400a000 Exception <a 'java/lang/NoSuchMethodError': Method sun.misc.Unsafe.defineClass(Ljava/lang/String;[BII)Ljava/lang/Class; name or signature does not match> (0x00000000ec787cc0) thrown at [/HUDSON3/workspace/8-2-build-linux-amd64/jdk8u101/7261/hotspot/src/sh
Event: 0.107 Thread 0x00007f4ca400a000 Exception <a 'java/lang/NoSuchMethodError': Method sun.misc.Unsafe.prefetchRead(Ljava/lang/Object;J)V name or signature does not match> (0x00000000ec787fa8) thrown at [/HUDSON3/workspace/8-2-build-linux-amd64/jdk8u101/7261/hotspot/src/share/vm/prims/jni.c

Events (10 events):
Event: 7.962 Thread 0x00007f4ca400a000 DEOPT UNPACKING pc=0x00007f4c95047233 sp=0x00007f4caca49e10 mode 0
Event: 7.962 Thread 0x00007f4ca400a000 DEOPT PACKING pc=0x00007f4c952116cb sp=0x00007f4caca4a130
Event: 7.962 Thread 0x00007f4ca400a000 DEOPT UNPACKING pc=0x00007f4c95047233 sp=0x00007f4caca49f60 mode 0
Event: 176.718 Executing VM operation: ParallelGCFailedAllocation
Event: 194.675 Executing VM operation: ParallelGCFailedAllocation done
Event: 195.702 Executing VM operation: ParallelGCFailedAllocation
Event: 195.955 Executing VM operation: ParallelGCFailedAllocation done
Event: 196.762 loading class java/util/ArrayList$1
Event: 196.771 loading class java/util/ArrayList$1 done
Event: 205.431 Executing VM operation: ParallelGCFailedAllocation


Dynamic libraries:
00400000-00401000 r-xp 00000000 08:01 5249270                            /usr/lib/jvm/java-8-oracle/bin/java
00600000-00601000 rw-p 00000000 08:01 5249270                            /usr/lib/jvm/java-8-oracle/bin/java
0225f000-02280000 rw-p 00000000 00:00 0                                  [heap]
c5600000-c7e00000 rw-p 00000000 00:00 0 
c7e00000-ec780000 ---p 00000000 00:00 0 
ec780000-f5a80000 rw-p 00000000 00:00 0 
fdc80000-100000000 ---p 00000000 00:00 0 
100000000-100080000 rw-p 00000000 00:00 0 
100080000-140000000 ---p 00000000 00:00 0 
7f4c58000000-7f4c58021000 rw-p 00000000 00:00 0 
7f4c58021000-7f4c5c000000 ---p 00000000 00:00 0 
7f4c5c000000-7f4c5c021000 rw-p 00000000 00:00 0 
7f4c5c021000-7f4c60000000 ---p 00000000 00:00 0 
7f4c60000000-7f4c61df9000 rw-p 00000000 00:00 0 
7f4c61df9000-7f4c64000000 ---p 00000000 00:00 0 
7f4c64000000-7f4c64928000 rw-p 00000000 00:00 0 
7f4c64928000-7f4c68000000 ---p 00000000 00:00 0 
7f4c68000000-7f4c68021000 rw-p 00000000 00:00 0 
7f4c68021000-7f4c6c000000 ---p 00000000 00:00 0 
7f4c6c000000-7f4c6ce66000 rw-p 00000000 00:00 0 
7f4c6ce66000-7f4c70000000 ---p 00000000 00:00 0 
7f4c70000000-7f4c70021000 rw-p 00000000 00:00 0 
7f4c70021000-7f4c74000000 ---p 00000000 00:00 0 
7f4c74000000-7f4c74021000 rw-p 00000000 00:00 0 
7f4c74021000-7f4c78000000 ---p 00000000 00:00 0 
7f4c78000000-7f4c78021000 rw-p 00000000 00:00 0 
7f4c78021000-7f4c7c000000 ---p 00000000 00:00 0 
7f4c7c000000-7f4c7c28e000 rw-p 00000000 00:00 0 
7f4c7c28e000-7f4c80000000 ---p 00000000 00:00 0 
7f4c80000000-7f4c80021000 rw-p 00000000 00:00 0 
7f4c80021000-7f4c84000000 ---p 00000000 00:00 0 
7f4c88000000-7f4c88021000 rw-p 00000000 00:00 0 
7f4c88021000-7f4c8c000000 ---p 00000000 00:00 0 
7f4c8d8e1000-7f4c8d9d2000 r--s 00f89000 08:01 4144352                    /home/mahesh/Desktop/gotechwala document/chatbottest/app/build/intermediates/transforms/jarMerging/debug/jars/1/1f/combined.jar
7f4c8d9d2000-7f4c8d9d3000 ---p 00000000 00:00 0 
7f4c8d9d3000-7f4c8dad3000 rw-p 00000000 00:00 0 
7f4c8dad3000-7f4c8dad6000 ---p 00000000 00:00 0 
7f4c8dad6000-7f4c8dbd4000 rw-p 00000000 00:00 0 
7f4c8dbd4000-7f4c8dbd7000 ---p 00000000 00:00 0 
7f4c8dbd7000-7f4c8dcd5000 rw-p 00000000 00:00 0 
7f4c8dcd5000-7f4c8dcd8000 ---p 00000000 00:00 0 
7f4c8dcd8000-7f4c8ddd6000 rw-p 00000000 00:00 0 
7f4c8ddd6000-7f4c8ddd9000 ---p 00000000 00:00 0 
7f4c8ddd9000-7f4c8ded7000 rw-p 00000000 00:00 0 
7f4c8ded7000-7f4c8deda000 ---p 00000000 00:00 0 
7f4c8deda000-7f4c8dfd8000 rw-p 00000000 00:00 0 
7f4c8dfd8000-7f4c8e2b0000 r--p 00000000 08:01 4980855                    /usr/lib/locale/locale-archive
7f4c8e2b0000-7f4c90000000 rw-p 00000000 00:00 0 
7f4c90000000-7f4c90021000 rw-p 00000000 00:00 0 
7f4c90021000-7f4c94000000 ---p 00000000 00:00 0 
7f4c940c2000-7f4c940e9000 rw-p 00000000 00:00 0 
7f4c940e9000-7f4c940f1000 r--s 00026000 08:01 4168053                    /home/mahesh/Desktop/gotechwala document/chatbottest/app/build/intermediates/multi-dex/debug/componentClasses.jar
7f4c940f1000-7f4c940f4000 ---p 00000000 00:00 0 
7f4c940f4000-7f4c941f2000 rw-p 00000000 00:00 0 
7f4c941f2000-7f4c941f5000 ---p 00000000 00:00 0 
7f4c941f5000-7f4c942f3000 rw-p 00000000 00:00 0 
7f4c942f3000-7f4c942f4000 ---p 00000000 00:00 0 
7f4c942f4000-7f4c95000000 rw-p 00000000 00:00 0 
7f4c95000000-7f4c953b0000 rwxp 00000000 00:00 0 
7f4c953b0000-7f4ca4000000 ---p 00000000 00:00 0 
7f4ca4000000-7f4ca43bf000 rw-p 00000000 00:00 0 
7f4ca43bf000-7f4ca8000000 ---p 00000000 00:00 0 
7f4ca8005000-7f4ca83ba000 rw-p 00000000 00:00 0 
7f4ca83ba000-7f4ca8593000 r--s 03d29000 08:01 5249321                    /usr/lib/jvm/java-8-oracle/jre/lib/rt.jar
7f4ca8593000-7f4ca8ac9000 rw-p 00000000 00:00 0 
7f4ca8ac9000-7f4ca8e09000 ---p 00000000 00:00 0 
7f4ca8e09000-7f4ca8fde000 rw-p 00000000 00:00 0 
7f4ca8fde000-7f4ca8fdf000 ---p 00000000 00:00 0 
7f4ca8fdf000-7f4ca90df000 rw-p 00000000 00:00 0 
7f4ca90df000-7f4ca90e0000 ---p 00000000 00:00 0 
7f4ca90e0000-7f4ca91e0000 rw-p 00000000 00:00 0 
7f4ca91e0000-7f4ca91e1000 ---p 00000000 00:00 0 
7f4ca91e1000-7f4ca92e1000 rw-p 00000000 00:00 0 
7f4ca92e1000-7f4ca92e2000 ---p 00000000 00:00 0 
7f4ca92e2000-7f4ca93f6000 rw-p 00000000 00:00 0 
7f4ca93f6000-7f4ca951b000 ---p 00000000 00:00 0 
7f4ca951b000-7f4ca952f000 rw-p 00000000 00:00 0 
7f4ca952f000-7f4ca9653000 ---p 00000000 00:00 0 
7f4ca9653000-7f4ca969e000 rw-p 00000000 00:00 0 
7f4ca969e000-7f4ca96f0000 ---p 00000000 00:00 0 
7f4ca96f0000-7f4ca9700000 rw-p 00000000 00:00 0 
7f4ca9700000-7f4ca9ab1000 ---p 00000000 00:00 0 
7f4ca9ab1000-7f4ca9acb000 r-xp 00000000 08:01 5249350                    /usr/lib/jvm/java-8-oracle/jre/lib/amd64/libzip.so
7f4ca9acb000-7f4ca9ccb000 ---p 0001a000 08:01 5249350                    /usr/lib/jvm/java-8-oracle/jre/lib/amd64/libzip.so
7f4ca9ccb000-7f4ca9ccc000 rw-p 0001a000 08:01 5249350                    /usr/lib/jvm/java-8-oracle/jre/lib/amd64/libzip.so
7f4ca9ccc000-7f4ca9cd7000 r-xp 00000000 08:01 5264238                    /lib/x86_64-linux-gnu/libnss_files-2.23.so
7f4ca9cd7000-7f4ca9ed6000 ---p 0000b000 08:01 5264238                    /lib/x86_64-linux-gnu/libnss_files-2.23.so
7f4ca9ed6000-7f4ca9ed7000 r--p 0000a000 08:01 5264238                    /lib/x86_64-linux-gnu/libnss_files-2.23.so
7f4ca9ed7000-7f4ca9ed8000 rw-p 0000b000 08:01 5264238                    /lib/x86_64-linux-gnu/libnss_files-2.23.so
7f4ca9ed8000-7f4ca9ede000 rw-p 00000000 00:00 0 
7f4ca9ede000-7f4ca9ee9000 r-xp 00000000 08:01 5264246                    /lib/x86_64-linux-gnu/libnss_nis-2.23.so
7f4ca9ee9000-7f4caa0e8000 ---p 0000b000 08:01 5264246                    /lib/x86_64-linux-gnu/libnss_nis-2.23.so
7f4caa0e8000-7f4caa0e9000 r--p 0000a000 08:01 5264246                    /lib/x86_64-linux-gnu/libnss_nis-2.23.so
7f4caa0e9000-7f4caa0ea000 rw-p 0000b000 08:01 5264246                    /lib/x86_64-linux-gnu/libnss_nis-2.23.so
7f4caa0ea000-7f4caa100000 r-xp 00000000 08:01 5249094                    /lib/x86_64-linux-gnu/libnsl-2.23.so
7f4caa100000-7f4caa2ff000 ---p 00016000 08:01 5249094                    /lib/x86_64-linux-gnu/libnsl-2.23.so
7f4caa2ff000-7f4caa300000 r--p 00015000 08:01 5249094                    /lib/x86_64-linux-gnu/libnsl-2.23.so
7f4caa300000-7f4caa301000 rw-p 00016000 08:01 5249094                    /lib/x86_64-linux-gnu/libnsl-2.23.so
7f4caa301000-7f4caa303000 rw-p 00000000 00:00 0 
7f4caa303000-7f4caa30b000 r-xp 00000000 08:01 5264225                    /lib/x86_64-linux-gnu/libnss_compat-2.23.so
7f4caa30b000-7f4caa50a000 ---p 00008000 08:01 5264225                    /lib/x86_64-linux-gnu/libnss_compat-2.23.so
7f4caa50a000-7f4caa50b000 r--p 00007000 08:01 5264225                    /lib/x86_64-linux-gnu/libnss_compat-2.23.so
7f4caa50b000-7f4caa50c000 rw-p 00008000 08:01 5264225                    /lib/x86_64-linux-gnu/libnss_compat-2.23.so
7f4caa50c000-7f4caa536000 r-xp 00000000 08:01 5249374                    /usr/lib/jvm/java-8-oracle/jre/lib/amd64/libjava.so
7f4caa536000-7f4caa736000 ---p 0002a000 08:01 5249374                    /usr/lib/jvm/java-8-oracle/jre/lib/amd64/libjava.so
7f4caa736000-7f4caa738000 rw-p 0002a000 08:01 5249374                    /usr/lib/jvm/java-8-oracle/jre/lib/amd64/libjava.so
7f4caa738000-7f4caa745000 r-xp 00000000 08:01 5249330                    /usr/lib/jvm/java-8-oracle/jre/lib/amd64/libverify.so
7f4caa745000-7f4caa945000 ---p 0000d000 08:01 5249330                    /usr/lib/jvm/java-8-oracle/jre/lib/amd64/libverify.so
7f4caa945000-7f4caa947000 rw-p 0000d000 08:01 5249330                    /usr/lib/jvm/java-8-oracle/jre/lib/amd64/libverify.so
7f4caa947000-7f4caa94e000 r-xp 00000000 08:01 5264247                    /lib/x86_64-linux-gnu/librt-2.23.so
7f4caa94e000-7f4caab4d000 ---p 00007000 08:01 5264247                    /lib/x86_64-linux-gnu/librt-2.23.so
7f4caab4d000-7f4caab4e000 r--p 00006000 08:01 5264247                    /lib/x86_64-linux-gnu/librt-2.23.so
7f4caab4e000-7f4caab4f000 rw-p 00007000 08:01 5264247                    /lib/x86_64-linux-gnu/librt-2.23.so
7f4caab4f000-7f4caac57000 r-xp 00000000 08:01 5247554                    /lib/x86_64-linux-gnu/libm-2.23.so
7f4caac57000-7f4caae56000 ---p 00108000 08:01 5247554                    /lib/x86_64-linux-gnu/libm-2.23.so
7f4caae56000-7f4caae57000 r--p 00107000 08:01 5247554                    /lib/x86_64-linux-gnu/libm-2.23.so
7f4caae57000-7f4caae58000 rw-p 00108000 08:01 5247554                    /lib/x86_64-linux-gnu/libm-2.23.so
7f4caae58000-7f4cabb23000 r-xp 00000000 08:01 5378308                    /usr/lib/jvm/java-8-oracle/jre/lib/amd64/server/libjvm.so
7f4cabb23000-7f4cabd22000 ---p 00ccb000 08:01 5378308                    /usr/lib/jvm/java-8-oracle/jre/lib/amd64/server/libjvm.so
7f4cabd22000-7f4cabdfb000 rw-p 00cca000 08:01 5378308                    /usr/lib/jvm/java-8-oracle/jre/lib/amd64/server/libjvm.so
7f4cabdfb000-7f4cabe46000 rw-p 00000000 00:00 0 
7f4cabe46000-7f4cac006000 r-xp 00000000 08:01 5264178                    /lib/x86_64-linux-gnu/libc-2.23.so
7f4cac006000-7f4cac206000 ---p 001c0000 08:01 5264178                    /lib/x86_64-linux-gnu/libc-2.23.so
7f4cac206000-7f4cac20a000 r--p 001c0000 08:01 5264178                    /lib/x86_64-linux-gnu/libc-2.23.so
7f4cac20a000-7f4cac20c000 rw-p 001c4000 08:01 5264178                    /lib/x86_64-linux-gnu/libc-2.23.so
7f4cac20c000-7f4cac210000 rw-p 00000000 00:00 0 
7f4cac210000-7f4cac213000 r-xp 00000000 08:01 5264194                    /lib/x86_64-linux-gnu/libdl-2.23.so
7f4cac213000-7f4cac412000 ---p 00003000 08:01 5264194                    /lib/x86_64-linux-gnu/libdl-2.23.so
7f4cac412000-7f4cac413000 r--p 00002000 08:01 5264194                    /lib/x86_64-linux-gnu/libdl-2.23.so
7f4cac413000-7f4cac414000 rw-p 00003000 08:01 5264194                    /lib/x86_64-linux-gnu/libdl-2.23.so
7f4cac414000-7f4cac429000 r-xp 00000000 08:01 5118821                    /usr/lib/jvm/java-8-oracle/lib/amd64/jli/libjli.so
7f4cac429000-7f4cac629000 ---p 00015000 08:01 5118821                    /usr/lib/jvm/java-8-oracle/lib/amd64/jli/libjli.so
7f4cac629000-7f4cac62a000 rw-p 00015000 08:01 5118821                    /usr/lib/jvm/java-8-oracle/lib/amd64/jli/libjli.so
7f4cac62a000-7f4cac642000 r-xp 00000000 08:01 5249098                    /lib/x86_64-linux-gnu/libpthread-2.23.so
7f4cac642000-7f4cac841000 ---p 00018000 08:01 5249098                    /lib/x86_64-linux-gnu/libpthread-2.23.so
7f4cac841000-7f4cac842000 r--p 00017000 08:01 5249098                    /lib/x86_64-linux-gnu/libpthread-2.23.so
7f4cac842000-7f4cac843000 rw-p 00018000 08:01 5249098                    /lib/x86_64-linux-gnu/libpthread-2.23.so
7f4cac843000-7f4cac847000 rw-p 00000000 00:00 0 
7f4cac847000-7f4cac86d000 r-xp 00000000 08:01 5249096                    /lib/x86_64-linux-gnu/ld-2.23.so
7f4cac873000-7f4cac94b000 rw-p 00000000 00:00 0 
7f4cac94b000-7f4cac94e000 ---p 00000000 00:00 0 
7f4cac94e000-7f4caca51000 rw-p 00000000 00:00 0 
7f4caca53000-7f4caca62000 r--s 000ed000 08:01 2964834                    /home/mahesh/Desktop/android-sdk-linux/build-tools/27.0.2/lib/dx.jar
7f4caca62000-7f4caca6a000 rw-s 00000000 08:01 2888115                    /tmp/hsperfdata_mahesh/13067
7f4caca6a000-7f4caca6b000 rw-p 00000000 00:00 0 
7f4caca6b000-7f4caca6c000 ---p 00000000 00:00 0 
7f4caca6c000-7f4caca6d000 r--p 00025000 08:01 5249096                    /lib/x86_64-linux-gnu/ld-2.23.so
7f4caca6d000-7f4caca6e000 rw-p 00026000 08:01 5249096                    /lib/x86_64-linux-gnu/ld-2.23.so
7f4caca6e000-7f4caca6f000 rw-p 00000000 00:00 0 
7ffe05a3b000-7ffe05a5c000 rw-p 00000000 00:00 0                          [stack]
7ffe05b0a000-7ffe05b0d000 r--p 00000000 00:00 0                          [vvar]
7ffe05b0d000-7ffe05b0f000 r-xp 00000000 00:00 0                          [vdso]
ffffffffff600000-ffffffffff601000 r-xp 00000000 00:00 0                  [vsyscall]

VM Arguments:
jvm_args: -Djava.awt.headless=true -Dfile.encoding=UTF-8 -Duser.country=IN -Duser.language=en -Duser.variant 
java_command: com.android.multidex.ClassReferenceListBuilder /home/mahesh/Desktop/gotechwala document/chatbottest/app/build/intermediates/multi-dex/debug/componentClasses.jar /home/mahesh/Desktop/gotechwala document/chatbottest/app/build/intermediates/transforms/jarMerging/debug/jars/1/1f/combined.jar
java_class_path (initial): /home/mahesh/Desktop/android-sdk-linux/build-tools/27.0.2/lib/dx.jar
Launcher Type: SUN_STANDARD

Environment Variables:
JAVA_HOME=/usr/lib/jvm/java-8-oracle
PATH=/home/mahesh/bin:/home/mahesh/.local/bin:/usr/local/sbin:/usr/local/bin:/usr/sbin:/usr/bin:/sbin:/bin:/usr/games:/usr/local/games:/snap/bin:/usr/lib/jvm/java-8-oracle/bin:/usr/lib/jvm/java-8-oracle/db/bin:/usr/lib/jvm/java-8-oracle/jre/bin
SHELL=/bin/bash
DISPLAY=:0

Signal Handlers:
SIGSEGV: [libjvm.so+0xac4790], sa_mask[0]=11111111011111111101111111111110, sa_flags=SA_RESTART|SA_SIGINFO
SIGBUS: [libjvm.so+0xac4790], sa_mask[0]=11111111011111111101111111111110, sa_flags=SA_RESTART|SA_SIGINFO
SIGFPE: [libjvm.so+0x91f140], sa_mask[0]=11111111011111111101111111111110, sa_flags=SA_RESTART|SA_SIGINFO
SIGPIPE: [libjvm.so+0x91f140], sa_mask[0]=11111111011111111101111111111110, sa_flags=SA_RESTART|SA_SIGINFO
SIGXFSZ: [libjvm.so+0x91f140], sa_mask[0]=11111111011111111101111111111110, sa_flags=SA_RESTART|SA_SIGINFO
SIGILL: [libjvm.so+0x91f140], sa_mask[0]=11111111011111111101111111111110, sa_flags=SA_RESTART|SA_SIGINFO
SIGUSR1: SIG_DFL, sa_mask[0]=00000000000000000000000000000000, sa_flags=none
SIGUSR2: [libjvm.so+0x920770], sa_mask[0]=00100000000000000000000000000000, sa_flags=SA_RESTART|SA_SIGINFO
SIGHUP: [libjvm.so+0x921b70], sa_mask[0]=11111111011111111101111111111110, sa_flags=SA_RESTART|SA_SIGINFO
SIGINT: [libjvm.so+0x921b70], sa_mask[0]=11111111011111111101111111111110, sa_flags=SA_RESTART|SA_SIGINFO
SIGTERM: [libjvm.so+0x921b70], sa_mask[0]=11111111011111111101111111111110, sa_flags=SA_RESTART|SA_SIGINFO
SIGQUIT: [libjvm.so+0x921b70], sa_mask[0]=11111111011111111101111111111110, sa_flags=SA_RESTART|SA_SIGINFO


---------------  S Y S T E M  ---------------

OS:DISTRIB_ID=Ubuntu
DISTRIB_RELEASE=16.04
DISTRIB_CODENAME=xenial
DISTRIB_DESCRIPTION="Ubuntu 16.04.3 LTS"

uname:Linux 4.4.0-128-generic #154-Ubuntu SMP Fri May 25 14:15:18 UTC 2018 x86_64
libc:glibc 2.23 NPTL 2.23 
rlimit: STACK 8192k, CORE 0k, NPROC 14829, NOFILE 1048576, AS infinity
load average:45.60 26.69 13.27

/proc/meminfo:
MemTotal:        3837092 kB
MemFree:           85648 kB
MemAvailable:      10364 kB
Buffers:            1204 kB
Cached:           173804 kB
SwapCached:         1096 kB
Active:          2830608 kB
Inactive:         689560 kB
Active(anon):    2813928 kB
Inactive(anon):   676012 kB
Active(file):      16680 kB
Inactive(file):    13548 kB
Unevictable:         200 kB
Mlocked:             200 kB
SwapTotal:       3981308 kB
SwapFree:              0 kB
Dirty:                 0 kB
Writeback:             0 kB
AnonPages:       3346016 kB
Mapped:            22780 kB
Shmem:            143752 kB
Slab:             100148 kB
SReclaimable:      54020 kB
SUnreclaim:        46128 kB
KernelStack:       16352 kB
PageTables:        66156 kB
NFS_Unstable:          0 kB
Bounce:                0 kB
WritebackTmp:          0 kB
CommitLimit:     5899852 kB
Committed_AS:   16270120 kB
VmallocTotal:   34359738367 kB
VmallocUsed:           0 kB
VmallocChunk:          0 kB
HardwareCorrupted:     0 kB
AnonHugePages:         0 kB
CmaTotal:              0 kB
CmaFree:               0 kB
HugePages_Total:       0
HugePages_Free:        0
HugePages_Rsvd:        0
HugePages_Surp:        0
Hugepagesize:       2048 kB
DirectMap4k:      252284 kB
DirectMap2M:     3731456 kB


CPU:total 4 (2 cores per cpu, 2 threads per core) family 6 model 37 stepping 5, cmov, cx8, fxsr, mmx, sse, sse2, sse3, ssse3, sse4.1, sse4.2, popcnt, aes, clmul, ht, tsc, tscinvbit

/proc/cpuinfo:
processor	: 0
vendor_id	: GenuineIntel
cpu family	: 6
model		: 37
model name	: Intel(R) Core(TM) i5 CPU       M 560  @ 2.67GHz
stepping	: 5
microcode	: 0x4
cpu MHz		: 2667.000
cache size	: 3072 KB
physical id	: 0
siblings	: 4
core id		: 0
cpu cores	: 2
apicid		: 0
initial apicid	: 0
fpu		: yes
fpu_exception	: yes
cpuid level	: 11
wp		: yes
flags		: fpu vme de pse tsc msr pae mce cx8 apic sep mtrr pge mca cmov pat pse36 clflush dts acpi mmx fxsr sse sse2 ss ht tm pbe syscall nx rdtscp lm constant_tsc arch_perfmon pebs bts rep_good nopl xtopology nonstop_tsc aperfmperf pni pclmulqdq dtes64 monitor ds_cpl vmx smx est tm2 ssse3 cx16 xtpr pdcm pcid sse4_1 sse4_2 popcnt aes lahf_lm kaiser tpr_shadow vnmi flexpriority ept vpid dtherm ida arat
bugs		: cpu_meltdown spectre_v1 spectre_v2 spec_store_bypass
bogomips	: 5320.08
clflush size	: 64
cache_alignment	: 64
address sizes	: 36 bits physical, 48 bits virtual
power management:

processor	: 1
vendor_id	: GenuineIntel
cpu family	: 6
model		: 37
model name	: Intel(R) Core(TM) i5 CPU       M 560  @ 2.67GHz
stepping	: 5
microcode	: 0x4
cpu MHz		: 2667.000
cache size	: 3072 KB
physical id	: 0
siblings	: 4
core id		: 2
cpu cores	: 2
apicid		: 4
initial apicid	: 4
fpu		: yes
fpu_exception	: yes
cpuid level	: 11
wp		: yes
flags		: fpu vme de pse tsc msr pae mce cx8 apic sep mtrr pge mca cmov pat pse36 clflush dts acpi mmx fxsr sse sse2 ss ht tm pbe syscall nx rdtscp lm constant_tsc arch_perfmon pebs bts rep_good nopl xtopology nonstop_tsc aperfmperf pni pclmulqdq dtes64 monitor ds_cpl vmx smx est tm2 ssse3 cx16 xtpr pdcm pcid sse4_1 sse4_2 popcnt aes lahf_lm kaiser tpr_shadow vnmi flexpriority ept vpid dtherm ida arat
bugs		: cpu_meltdown spectre_v1 spectre_v2 spec_store_bypass
bogomips	: 5320.08
clflush size	: 64
cache_alignment	: 64
address sizes	: 36 bits physical, 48 bits virtual
power management:

processor	: 2
vendor_id	: GenuineIntel
cpu family	: 6
model		: 37
model name	: Intel(R) Core(TM) i5 CPU       M 560  @ 2.67GHz
stepping	: 5
microcode	: 0x4
cpu MHz		: 2667.000
cache size	: 3072 KB
physical id	: 0
siblings	: 4
core id		: 0
cpu cores	: 2
apicid		: 1
initial apicid	: 1
fpu		: yes
fpu_exception	: yes
cpuid level	: 11
wp		: yes
flags		: fpu vme de pse tsc msr pae mce cx8 apic sep mtrr pge mca cmov pat pse36 clflush dts acpi mmx fxsr sse sse2 ss ht tm pbe syscall nx rdtscp lm constant_tsc arch_perfmon pebs bts rep_good nopl xtopology nonstop_tsc aperfmperf pni pclmulqdq dtes64 monitor ds_cpl vmx smx est tm2 ssse3 cx16 xtpr pdcm pcid sse4_1 sse4_2 popcnt aes lahf_lm kaiser tpr_shadow vnmi flexpriority ept vpid dtherm ida arat
bugs		: cpu_meltdown spectre_v1 spectre_v2 spec_store_bypass
bogomips	: 5320.08
clflush size	: 64
cache_alignment	: 64
address sizes	: 36 bits physical, 48 bits virtual
power management:

processor	: 3
vendor_id	: GenuineIntel
cpu family	: 6
model		: 37
model name	: Intel(R) Core(TM) i5 CPU       M 560  @ 2.67GHz
stepping	: 5
microcode	: 0x4
cpu MHz		: 2667.000
cache size	: 3072 KB
physical id	: 0
siblings	: 4
core id		: 2
cpu cores	: 2
apicid		: 5
initial apicid	: 5
fpu		: yes
fpu_exception	: yes
cpuid level	: 11
wp		: yes
flags		: fpu vme de pse tsc msr pae mce cx8 apic sep mtrr pge mca cmov pat pse36 clflush dts acpi mmx fxsr sse sse2 ss ht tm pbe syscall nx rdtscp lm constant_tsc arch_perfmon pebs bts rep_good nopl xtopology nonstop_tsc aperfmperf pni pclmulqdq dtes64 monitor ds_cpl vmx smx est tm2 ssse3 cx16 xtpr pdcm pcid sse4_1 sse4_2 popcnt aes lahf_lm kaiser tpr_shadow vnmi flexpriority ept vpid dtherm ida arat
bugs		: cpu_meltdown spectre_v1 spectre_v2 spec_store_bypass
bogomips	: 5320.08
clflush size	: 64
cache_alignment	: 64
address sizes	: 36 bits physical, 48 bits virtual
power management:



Memory: 4k page, physical 3837092k(85784k free), swap 3981308k(0k free)

vm_info: Java HotSpot(TM) 64-Bit Server VM (25.101-b13) for linux-amd64 JRE (1.8.0_101-b13), built on Jun 22 2016 02:59:44 by "java_re" with gcc 4.3.0 20080428 (Red Hat 4.3.0-8)

time: Tue Jul 10 12:04:51 2018
elapsed time: 207 seconds (0d 0h 3m 27s)

